.\Debug\MyYUViewer.bsc
.\Debug\MyYUViewer.ilk
.\Debug\MyYUViewer.pdb
E:\Yun\学习\毕设\开发源码\19451877MyYUViewer\MyYUViewer\.\Debug\MyYUViewer.exe
E:\Yun\学习\毕设\开发源码\19451877MyYUViewer\MyYUViewer\.\Debug\MyYUViewer.exe.intermediate.manifest
E:\Yun\学习\毕设\开发源码\19451877MyYUViewer\MyYUViewer\Debug\BscMake.command.1.tlog
E:\Yun\学习\毕设\开发源码\19451877MyYUViewer\MyYUViewer\Debug\bscmake.read.1.tlog
E:\Yun\学习\毕设\开发源码\19451877MyYUViewer\MyYUViewer\Debug\bscmake.write.1.tlog
E:\YUN\学习\毕设\开发源码\19451877MYYUVIEWER\MYYUVIEWER\DEBUG\CHILDWINDOW.OBJ
E:\YUN\学习\毕设\开发源码\19451877MYYUVIEWER\MYYUVIEWER\DEBUG\CHILDWINDOW.SBR
E:\Yun\学习\毕设\开发源码\19451877MyYUViewer\MyYUViewer\Debug\cl.command.1.tlog
E:\Yun\学习\毕设\开发源码\19451877MyYUViewer\MyYUViewer\Debug\CL.read.1.tlog
E:\Yun\学习\毕设\开发源码\19451877MyYUViewer\MyYUViewer\Debug\CL.write.1.tlog
E:\Yun\学习\毕设\开发源码\19451877MyYUViewer\MyYUViewer\Debug\link.5048.read.1.tlog
E:\Yun\学习\毕设\开发源码\19451877MyYUViewer\MyYUViewer\Debug\link.5048.write.1.tlog
E:\Yun\学习\毕设\开发源码\19451877MyYUViewer\MyYUViewer\Debug\link.5048-cvtres.read.1.tlog
E:\Yun\学习\毕设\开发源码\19451877MyYUViewer\MyYUViewer\Debug\link.5048-cvtres.write.1.tlog
E:\Yun\学习\毕设\开发源码\19451877MyYUViewer\MyYUViewer\Debug\link.command.1.tlog
E:\Yun\学习\毕设\开发源码\19451877MyYUViewer\MyYUViewer\Debug\link.read.1.tlog
E:\Yun\学习\毕设\开发源码\19451877MyYUViewer\MyYUViewer\Debug\link.write.1.tlog
E:\Yun\学习\毕设\开发源码\19451877MyYUViewer\MyYUViewer\Debug\link-cvtres.read.1.tlog
E:\Yun\学习\毕设\开发源码\19451877MyYUViewer\MyYUViewer\Debug\link-cvtres.write.1.tlog
E:\Yun\学习\毕设\开发源码\19451877MyYUViewer\MyYUViewer\Debug\mt.command.1.tlog
E:\Yun\学习\毕设\开发源码\19451877MyYUViewer\MyYUViewer\Debug\mt.read.1.tlog
E:\Yun\学习\毕设\开发源码\19451877MyYUViewer\MyYUViewer\Debug\mt.write.1.tlog
E:\YUN\学习\毕设\开发源码\19451877MYYUVIEWER\MYYUVIEWER\DEBUG\MYYUVIEWER.BSC
E:\YUN\学习\毕设\开发源码\19451877MYYUVIEWER\MYYUVIEWER\DEBUG\MYYUVIEWER.EXE
E:\YUN\学习\毕设\开发源码\19451877MYYUVIEWER\MYYUVIEWER\DEBUG\MYYUVIEWER.EXE.EMBED.MANIFEST
E:\YUN\学习\毕设\开发源码\19451877MYYUVIEWER\MYYUVIEWER\DEBUG\MYYUVIEWER.EXE.EMBED.MANIFEST.RES
E:\YUN\学习\毕设\开发源码\19451877MYYUVIEWER\MYYUVIEWER\DEBUG\MYYUVIEWER.EXE.INTERMEDIATE.MANIFEST
E:\YUN\学习\毕设\开发源码\19451877MYYUVIEWER\MYYUVIEWER\DEBUG\MYYUVIEWER.ILK
E:\YUN\学习\毕设\开发源码\19451877MYYUVIEWER\MYYUVIEWER\DEBUG\MYYUVIEWER.OBJ
E:\YUN\学习\毕设\开发源码\19451877MYYUVIEWER\MYYUVIEWER\DEBUG\MYYUVIEWER.PCH
E:\YUN\学习\毕设\开发源码\19451877MYYUVIEWER\MYYUVIEWER\DEBUG\MYYUVIEWER.PDB
E:\YUN\学习\毕设\开发源码\19451877MYYUVIEWER\MYYUVIEWER\DEBUG\MYYUVIEWER.RES
E:\YUN\学习\毕设\开发源码\19451877MYYUVIEWER\MYYUVIEWER\DEBUG\MYYUVIEWER.SBR
E:\Yun\学习\毕设\开发源码\19451877MyYUViewer\MyYUViewer\Debug\MyYUViewer_manifest.rc
E:\YUN\学习\毕设\开发源码\19451877MYYUVIEWER\MYYUVIEWER\DEBUG\MYYUVIEWERDLG.OBJ
E:\YUN\学习\毕设\开发源码\19451877MYYUVIEWER\MYYUVIEWER\DEBUG\MYYUVIEWERDLG.SBR
E:\Yun\学习\毕设\开发源码\19451877MyYUViewer\MyYUViewer\Debug\rc.command.1.tlog
E:\Yun\学习\毕设\开发源码\19451877MyYUViewer\MyYUViewer\Debug\rc.read.1.tlog
E:\Yun\学习\毕设\开发源码\19451877MyYUViewer\MyYUViewer\Debug\rc.write.1.tlog
E:\YUN\学习\毕设\开发源码\19451877MYYUVIEWER\MYYUVIEWER\DEBUG\STDAFX.OBJ
E:\YUN\学习\毕设\开发源码\19451877MYYUVIEWER\MYYUVIEWER\DEBUG\STDAFX.SBR
E:\Yun\学习\毕设\开发源码\19451877MyYUViewer\MyYUViewer\Debug\vc100.idb
E:\YUN\学习\毕设\开发源码\19451877MYYUVIEWER\MYYUVIEWER\DEBUG\VC100.PDB
