生成启动时间为 2015/6/2 星期二 20:51:14。
     1>项目“D:\Documents\Visual Studio 2010\Projects\snlme1\snlme1\MyYUViewer\MyYUViewer.vcxproj”在节点 2 上(build 个目标)。
     1>InitializeBuildStatus:
         正在创建“.\Debug\MyYUViewer.unsuccessfulbuild”，因为已指定“AlwaysCreate”。
       ClCompile:
         所有输出均为最新。
         所有输出均为最新。
       ResourceCompile:
         C:\Program Files (x86)\Microsoft SDKs\Windows\v7.0A\bin\rc.exe /D _DEBUG /D _VC80_UPGRADE=0x0600 /D _AFXDLL /l"0x0804" /nologo /fo".\Debug\MyYUViewer.res" MyYUViewer.rc 
       ManifestResourceCompile:
         所有输出均为最新。
       Link:
         D:\Program Files (x86)\Microsoft Visual Studio 10.0\VC\bin\link.exe /ERRORREPORT:PROMPT /OUT:".\Debug\MyYUViewer.exe" /INCREMENTAL /NOLOGO /LIBPATH:"D:\Program Files (x86)\OpenCV1_0\lib" opencv_calib3d248d.lib opencv_contrib248d.lib opencv_core248d.lib opencv_features2d248d.lib opencv_flann248d.lib opencv_gpu248d.lib opencv_highgui248d.lib opencv_imgproc248d.lib opencv_legacy248d.lib opencv_objdetect248d.lib opencv_ts248d.lib opencv_video248d.lib opencv_nonfree248d.lib opencv_ocl248d.lib opencv_photo248d.lib opencv_stitching248d.lib opencv_superres248d.lib opencv_videostab248d.lib /NODEFAULTLIB:libc /MANIFEST /ManifestFile:".\Debug\MyYUViewer.exe.intermediate.manifest" /MANIFESTUAC:"level='asInvoker' uiAccess='false'" /DEBUG /PDB:"D:\Documents\Visual Studio 2010\Projects\snlme1\snlme1\MyYUViewer\Debug\MyYUViewer.pdb" /SUBSYSTEM:WINDOWS /TLBID:1 /DYNAMICBASE /NXCOMPAT /IMPLIB:".\Debug\MyYUViewer.lib" /MACHINE:X86 .\Debug\MyYUViewer.res
         .\Debug\MyYUViewer.exe.embed.manifest.res
         .\Debug\ChildWindow.obj
         .\Debug\MyYUViewer.obj
         .\Debug\MyYUViewerDlg.obj
         .\Debug\StdAfx.obj
         cscc.lib
       Manifest:
         C:\Program Files (x86)\Microsoft SDKs\Windows\v7.0A\bin\mt.exe /nologo /verbose /out:".\Debug\MyYUViewer.exe.embed.manifest" /manifest .\Debug\MyYUViewer.exe.intermediate.manifest "D:\Program Files (x86)\Microsoft Visual Studio 10.0\VC\Include\Manifest\dpiaware.manifest"
         所有输出均为最新。
       LinkEmbedManifest:
         所有输出均为最新。
         MyYUViewer.vcxproj -> D:\Documents\Visual Studio 2010\Projects\snlme1\snlme1\MyYUViewer\.\Debug\MyYUViewer.exe
       BscMake:
         所有输出均为最新。
       FinalizeBuildStatus:
         正在删除文件“.\Debug\MyYUViewer.unsuccessfulbuild”。
         正在对“.\Debug\MyYUViewer.lastbuildstate”执行 Touch 任务。
     1>已完成生成项目“D:\Documents\Visual Studio 2010\Projects\snlme1\snlme1\MyYUViewer\MyYUViewer.vcxproj”(build 个目标)的操作。

生成成功。

已用时间 00:00:00.50
