D:\DOCUMENTS\VISUAL STUDIO 2010\PROJECTS\SNLME1\DEBUG\SNLME1.EXE
D:\DOCUMENTS\VISUAL STUDIO 2010\PROJECTS\SNLME1\DEBUG\SNLME1.ILK
D:\DOCUMENTS\VISUAL STUDIO 2010\PROJECTS\SNLME1\DEBUG\SNLME1.PDB
D:\DOCUMENTS\VISUAL STUDIO 2010\PROJECTS\SNLME1\SNLME1\DEBUG\ATYDLG.OBJ
D:\Documents\Visual Studio 2010\Projects\snlme1\snlme1\Debug\cl.command.1.tlog
D:\Documents\Visual Studio 2010\Projects\snlme1\snlme1\Debug\CL.read.1.tlog
D:\Documents\Visual Studio 2010\Projects\snlme1\snlme1\Debug\CL.write.1.tlog
D:\DOCUMENTS\VISUAL STUDIO 2010\PROJECTS\SNLME1\SNLME1\DEBUG\CWMPPLAYER4.OBJ
D:\DOCUMENTS\VISUAL STUDIO 2010\PROJECTS\SNLME1\SNLME1\DEBUG\FFMPEG_ENCODER.OBJ
D:\Documents\Visual Studio 2010\Projects\snlme1\snlme1\Debug\link.3544.read.1.tlog
D:\Documents\Visual Studio 2010\Projects\snlme1\snlme1\Debug\link.3544.write.1.tlog
D:\Documents\Visual Studio 2010\Projects\snlme1\snlme1\Debug\link.3544-cvtres.read.1.tlog
D:\Documents\Visual Studio 2010\Projects\snlme1\snlme1\Debug\link.3544-cvtres.write.1.tlog
D:\Documents\Visual Studio 2010\Projects\snlme1\snlme1\Debug\link.7172.read.1.tlog
D:\Documents\Visual Studio 2010\Projects\snlme1\snlme1\Debug\link.7172.write.1.tlog
D:\Documents\Visual Studio 2010\Projects\snlme1\snlme1\Debug\link.7172-cvtres.read.1.tlog
D:\Documents\Visual Studio 2010\Projects\snlme1\snlme1\Debug\link.7172-cvtres.write.1.tlog
D:\Documents\Visual Studio 2010\Projects\snlme1\snlme1\Debug\link.7936.read.1.tlog
D:\Documents\Visual Studio 2010\Projects\snlme1\snlme1\Debug\link.7936.write.1.tlog
D:\Documents\Visual Studio 2010\Projects\snlme1\snlme1\Debug\link.7936-cvtres.read.1.tlog
D:\Documents\Visual Studio 2010\Projects\snlme1\snlme1\Debug\link.7936-cvtres.write.1.tlog
D:\Documents\Visual Studio 2010\Projects\snlme1\snlme1\Debug\link.8608.read.1.tlog
D:\Documents\Visual Studio 2010\Projects\snlme1\snlme1\Debug\link.8608.write.1.tlog
D:\Documents\Visual Studio 2010\Projects\snlme1\snlme1\Debug\link.8608-cvtres.read.1.tlog
D:\Documents\Visual Studio 2010\Projects\snlme1\snlme1\Debug\link.8608-cvtres.write.1.tlog
D:\Documents\Visual Studio 2010\Projects\snlme1\snlme1\Debug\link.9088.read.1.tlog
D:\Documents\Visual Studio 2010\Projects\snlme1\snlme1\Debug\link.9088.write.1.tlog
D:\Documents\Visual Studio 2010\Projects\snlme1\snlme1\Debug\link.9088-cvtres.read.1.tlog
D:\Documents\Visual Studio 2010\Projects\snlme1\snlme1\Debug\link.9088-cvtres.write.1.tlog
D:\Documents\Visual Studio 2010\Projects\snlme1\snlme1\Debug\link.9732.read.1.tlog
D:\Documents\Visual Studio 2010\Projects\snlme1\snlme1\Debug\link.9732.write.1.tlog
D:\Documents\Visual Studio 2010\Projects\snlme1\snlme1\Debug\link.9732-cvtres.read.1.tlog
D:\Documents\Visual Studio 2010\Projects\snlme1\snlme1\Debug\link.9732-cvtres.write.1.tlog
D:\Documents\Visual Studio 2010\Projects\snlme1\snlme1\Debug\link.command.1.tlog
D:\Documents\Visual Studio 2010\Projects\snlme1\snlme1\Debug\link.read.1.tlog
D:\Documents\Visual Studio 2010\Projects\snlme1\snlme1\Debug\link.write.1.tlog
D:\Documents\Visual Studio 2010\Projects\snlme1\snlme1\Debug\link-cvtres.read.1.tlog
D:\Documents\Visual Studio 2010\Projects\snlme1\snlme1\Debug\link-cvtres.write.1.tlog
D:\DOCUMENTS\VISUAL STUDIO 2010\PROJECTS\SNLME1\SNLME1\DEBUG\MEDLG.OBJ
D:\Documents\Visual Studio 2010\Projects\snlme1\snlme1\Debug\mt.command.1.tlog
D:\Documents\Visual Studio 2010\Projects\snlme1\snlme1\Debug\mt.read.1.tlog
D:\Documents\Visual Studio 2010\Projects\snlme1\snlme1\Debug\mt.write.1.tlog
D:\Documents\Visual Studio 2010\Projects\snlme1\snlme1\Debug\rc.command.1.tlog
D:\Documents\Visual Studio 2010\Projects\snlme1\snlme1\Debug\rc.read.1.tlog
D:\Documents\Visual Studio 2010\Projects\snlme1\snlme1\Debug\rc.write.1.tlog
D:\DOCUMENTS\VISUAL STUDIO 2010\PROJECTS\SNLME1\SNLME1\DEBUG\SNLME1.EXE.EMBED.MANIFEST
D:\DOCUMENTS\VISUAL STUDIO 2010\PROJECTS\SNLME1\SNLME1\DEBUG\SNLME1.EXE.EMBED.MANIFEST.RES
D:\DOCUMENTS\VISUAL STUDIO 2010\PROJECTS\SNLME1\SNLME1\DEBUG\SNLME1.EXE.INTERMEDIATE.MANIFEST
D:\DOCUMENTS\VISUAL STUDIO 2010\PROJECTS\SNLME1\SNLME1\DEBUG\SNLME1.OBJ
D:\DOCUMENTS\VISUAL STUDIO 2010\PROJECTS\SNLME1\SNLME1\DEBUG\SNLME1.PCH
D:\DOCUMENTS\VISUAL STUDIO 2010\PROJECTS\SNLME1\SNLME1\DEBUG\SNLME1.RES
D:\Documents\Visual Studio 2010\Projects\snlme1\snlme1\Debug\snlme1_manifest.rc
D:\DOCUMENTS\VISUAL STUDIO 2010\PROJECTS\SNLME1\SNLME1\DEBUG\SNLME1DLG.OBJ
D:\DOCUMENTS\VISUAL STUDIO 2010\PROJECTS\SNLME1\SNLME1\DEBUG\STDAFX.OBJ
D:\Documents\Visual Studio 2010\Projects\snlme1\snlme1\Debug\vc100.idb
D:\DOCUMENTS\VISUAL STUDIO 2010\PROJECTS\SNLME1\SNLME1\DEBUG\VC100.PDB
D:\DOCUMENTS\VISUAL STUDIO 2010\PROJECTS\SNLME1\SNLME1\DEBUG\YTADLG.OBJ
