生成启动时间为 2015/6/16 星期二 11:32:35。
     1>项目“d:\documents\visual studio 2010\Projects\snlme1\snlme1\snlme1.vcxproj”在节点 2 上(build 个目标)。
     1>InitializeBuildStatus:
         正在创建“Debug\snlme1.unsuccessfulbuild”，因为已指定“AlwaysCreate”。
       ClCompile:
         所有输出均为最新。
         D:\Program Files (x86)\Microsoft Visual Studio 10.0\VC\bin\CL.exe /c /I"D:\Program Files (x86)\ffmpeg_lib\include" /ZI /nologo /W3 /WX- /Od /Oy- /D WIN32 /D _WINDOWS /D _DEBUG /D _UNICODE /D UNICODE /D _AFXDLL /Gm /EHsc /RTC1 /MDd /GS /fp:precise /Zc:wchar_t /Zc:forScope /Yu"StdAfx.h" /Fp"Debug\snlme1.pch" /Fo"Debug\\" /Fd"Debug\vc100.pdb" /Gd /TP /analyze- /errorReport:prompt MeDlg.cpp
         MeDlg.cpp
     1>d:\program files (x86)\microsoft visual studio 10.0\vc\include\stdint.h(165): warning C4005: “INT64_C”: 宏重定义
                 d:\documents\visual studio 2010\projects\snlme1\snlme1\snlme1.h(14) : 参见“INT64_C”的前一个定义
     1>d:\program files (x86)\microsoft visual studio 10.0\vc\include\stdint.h(166): warning C4005: “UINT64_C”: 宏重定义
                 d:\documents\visual studio 2010\projects\snlme1\snlme1\snlme1.h(15) : 参见“UINT64_C”的前一个定义
     1>d:\program files (x86)\ffmpeg_lib\include\libavutil\common.h(171): warning C4244: “return”: 从“int64_t”转换到“int32_t”，可能丢失数据
     1>d:\documents\visual studio 2010\projects\snlme1\snlme1\medlg.cpp(862): warning C4996: 'fopen': This function or variable may be unsafe. Consider using fopen_s instead. To disable deprecation, use _CRT_SECURE_NO_WARNINGS. See online help for details.
                 d:\program files (x86)\microsoft visual studio 10.0\vc\include\stdio.h(234) : 参见“fopen”的声明
     1>d:\documents\visual studio 2010\projects\snlme1\snlme1\medlg.cpp(866): warning C4996: 'fopen': This function or variable may be unsafe. Consider using fopen_s instead. To disable deprecation, use _CRT_SECURE_NO_WARNINGS. See online help for details.
                 d:\program files (x86)\microsoft visual studio 10.0\vc\include\stdio.h(234) : 参见“fopen”的声明
     1>d:\documents\visual studio 2010\projects\snlme1\snlme1\medlg.cpp(925): warning C4244: “=”: 从“double”转换到“float”，可能丢失数据
     1>d:\documents\visual studio 2010\projects\snlme1\snlme1\medlg.cpp(927): warning C4996: 'sprintf': This function or variable may be unsafe. Consider using sprintf_s instead. To disable deprecation, use _CRT_SECURE_NO_WARNINGS. See online help for details.
                 d:\program files (x86)\microsoft visual studio 10.0\vc\include\stdio.h(371) : 参见“sprintf”的声明
     1>d:\documents\visual studio 2010\projects\snlme1\snlme1\medlg.cpp(946): warning C4244: “=”: 从“double”转换到“float”，可能丢失数据
     1>d:\documents\visual studio 2010\projects\snlme1\snlme1\medlg.cpp(857): warning C4101: “cnum”: 未引用的局部变量
       ResourceCompile:
         所有输出均为最新。
       ManifestResourceCompile:
         所有输出均为最新。
       Link:
         D:\Program Files (x86)\Microsoft Visual Studio 10.0\VC\bin\link.exe /ERRORREPORT:PROMPT /OUT:"d:\documents\visual studio 2010\Projects\snlme1\Debug\snlme1.exe" /INCREMENTAL /NOLOGO /LIBPATH:"D:\Program Files (x86)\OpenCV1_0\lib" /LIBPATH:"D:\Program Files (x86)\ffmpeg_lib\win32\lib" swscale.lib avcodec.lib avutil.lib avformat.lib opencv_calib3d248d.lib opencv_contrib248d.lib opencv_core248d.lib opencv_features2d248d.lib opencv_flann248d.lib opencv_gpu248d.lib opencv_highgui248d.lib opencv_imgproc248d.lib opencv_legacy248d.lib opencv_objdetect248d.lib opencv_ts248d.lib opencv_video248d.lib opencv_nonfree248d.lib opencv_ocl248d.lib opencv_photo248d.lib opencv_stitching248d.lib opencv_superres248d.lib opencv_videostab248d.lib opencv_calib3d248d.lib opencv_contrib248d.lib opencv_core248d.lib opencv_features2d248d.lib opencv_flann248d.lib opencv_gpu248d.lib opencv_highgui248d.lib opencv_imgproc248d.lib opencv_legacy248d.lib opencv_objdetect248d.lib opencv_ts248d.lib opencv_video248d.lib opencv_nonfree248d.lib opencv_ocl248d.lib opencv_photo248d.lib opencv_stitching248d.lib opencv_superres248d.lib opencv_videostab248d.lib /MANIFEST /ManifestFile:"Debug\snlme1.exe.intermediate.manifest" /MANIFESTUAC:"level='asInvoker' uiAccess='false'" /DEBUG /PDB:"d:\documents\visual studio 2010\Projects\snlme1\Debug\snlme1.pdb" /SUBSYSTEM:WINDOWS /TLBID:1 /ENTRY:"wWinMainCRTStartup" /DYNAMICBASE /NXCOMPAT /IMPLIB:"d:\documents\visual studio 2010\Projects\snlme1\Debug\snlme1.lib" /MACHINE:X86 Debug\snlme1.res
         Debug\snlme1.exe.embed.manifest.res
         Debug\CWMPPlayer4.obj
         Debug\ATYDlg.obj
         Debug\Ffmpeg_Encoder.obj
         Debug\MeDlg.obj
         Debug\snlme1.obj
         Debug\snlme1Dlg.obj
         Debug\stdafx.obj
         Debug\YTADlg.obj
       Manifest:
         C:\Program Files (x86)\Microsoft SDKs\Windows\v7.0A\bin\mt.exe /nologo /verbose /out:"Debug\snlme1.exe.embed.manifest" /manifest Debug\snlme1.exe.intermediate.manifest "D:\Program Files (x86)\Microsoft Visual Studio 10.0\VC\Include\Manifest\dpiaware.manifest"
         所有输出均为最新。
       LinkEmbedManifest:
         所有输出均为最新。
         snlme1.vcxproj -> d:\documents\visual studio 2010\Projects\snlme1\Debug\snlme1.exe
       FinalizeBuildStatus:
         正在删除文件“Debug\snlme1.unsuccessfulbuild”。
         正在对“Debug\snlme1.lastbuildstate”执行 Touch 任务。
     1>已完成生成项目“d:\documents\visual studio 2010\Projects\snlme1\snlme1\snlme1.vcxproj”(build 个目标)的操作。

生成成功。

已用时间 00:00:26.53
